C:\Users\RobotBerry\Documents\Visual Studio 2010\Projects\Trinity\Debug\Trinity.pdb
C:\USERS\ROBOTBERRY\DOCUMENTS\VISUAL STUDIO 2010\PROJECTS\TRINITY\TRINITY\DEBUG\CAMERA.OBJ
C:\Users\RobotBerry\Documents\Visual Studio 2010\Projects\Trinity\Trinity\Debug\cl.command.1.tlog
C:\Users\RobotBerry\Documents\Visual Studio 2010\Projects\Trinity\Trinity\Debug\CL.read.1.tlog
C:\Users\RobotBerry\Documents\Visual Studio 2010\Projects\Trinity\Trinity\Debug\CL.write.1.tlog
C:\USERS\ROBOTBERRY\DOCUMENTS\VISUAL STUDIO 2010\PROJECTS\TRINITY\TRINITY\DEBUG\FILELOADER.OBJ
C:\USERS\ROBOTBERRY\DOCUMENTS\VISUAL STUDIO 2010\PROJECTS\TRINITY\TRINITY\DEBUG\GEOMETRY.OBJ
C:\Users\RobotBerry\Documents\Visual Studio 2010\Projects\Trinity\Trinity\Debug\link.command.1.tlog
C:\Users\RobotBerry\Documents\Visual Studio 2010\Projects\Trinity\Trinity\Debug\link.read.1.tlog
C:\Users\RobotBerry\Documents\Visual Studio 2010\Projects\Trinity\Trinity\Debug\link.write.1.tlog
C:\Users\RobotBerry\Documents\Visual Studio 2010\Projects\Trinity\Trinity\Debug\link-cvtres.read.1.tlog
C:\Users\RobotBerry\Documents\Visual Studio 2010\Projects\Trinity\Trinity\Debug\link-cvtres.write.1.tlog
C:\USERS\ROBOTBERRY\DOCUMENTS\VISUAL STUDIO 2010\PROJECTS\TRINITY\TRINITY\DEBUG\MAIN.OBJ
C:\USERS\ROBOTBERRY\DOCUMENTS\VISUAL STUDIO 2010\PROJECTS\TRINITY\TRINITY\DEBUG\MAINWINDOW.OBJ
C:\USERS\ROBOTBERRY\DOCUMENTS\VISUAL STUDIO 2010\PROJECTS\TRINITY\TRINITY\DEBUG\MESH.OBJ
C:\USERS\ROBOTBERRY\DOCUMENTS\VISUAL STUDIO 2010\PROJECTS\TRINITY\TRINITY\DEBUG\MODEL.OBJ
C:\USERS\ROBOTBERRY\DOCUMENTS\VISUAL STUDIO 2010\PROJECTS\TRINITY\TRINITY\DEBUG\OVERLAY2D.OBJ
C:\Users\RobotBerry\Documents\Visual Studio 2010\Projects\Trinity\Trinity\Debug\rc.command.1.tlog
C:\Users\RobotBerry\Documents\Visual Studio 2010\Projects\Trinity\Trinity\Debug\rc.read.1.tlog
C:\Users\RobotBerry\Documents\Visual Studio 2010\Projects\Trinity\Trinity\Debug\rc.write.1.tlog
C:\USERS\ROBOTBERRY\DOCUMENTS\VISUAL STUDIO 2010\PROJECTS\TRINITY\TRINITY\DEBUG\TEXT2D.OBJ
C:\USERS\ROBOTBERRY\DOCUMENTS\VISUAL STUDIO 2010\PROJECTS\TRINITY\TRINITY\DEBUG\TOOL.OBJ
C:\Users\RobotBerry\Documents\Visual Studio 2010\Projects\Trinity\Trinity\Debug\Trinity.exe.embed.manifest
C:\USERS\ROBOTBERRY\DOCUMENTS\VISUAL STUDIO 2010\PROJECTS\TRINITY\TRINITY\DEBUG\TRINITY.EXE.EMBED.MANIFEST.RES
C:\Users\RobotBerry\Documents\Visual Studio 2010\Projects\Trinity\Trinity\Debug\Trinity.exe.intermediate.manifest
C:\Users\RobotBerry\Documents\Visual Studio 2010\Projects\Trinity\Trinity\Debug\Trinity.write.1.tlog
C:\Users\RobotBerry\Documents\Visual Studio 2010\Projects\Trinity\Trinity\Debug\Trinity_manifest.rc
C:\Users\RobotBerry\Documents\Visual Studio 2010\Projects\Trinity\Trinity\Debug\vc100.idb
C:\USERS\ROBOTBERRY\DOCUMENTS\VISUAL STUDIO 2010\PROJECTS\TRINITY\TRINITY\DEBUG\VC100.PDB
