Build started 2015/5/9 8:24:29.
     1>Project "C:\Users\BerryRobot\Documents\Visual Studio 2010\Projects\Trinity\Trinity\Trinity.vcxproj" on node 2 (build target(s)).
     1>InitializeBuildStatus:
         Touching "Release\Trinity.unsuccessfulbuild".
       ClCompile:
         All outputs are up-to-date.
       Link:
         C:\Program Files (x86)\Microsoft Visual Studio 10.0\VC\bin\link.exe /ERRORREPORT:PROMPT /OUT:"C:\Users\BerryRobot\Documents\Visual Studio 2010\Projects\Trinity\Release\Trinity.exe" /INCREMENTAL:NO /NOLOGO /LIBPATH:ork\lib ork.lib kernel32.lib user32.lib gdi32.lib winspool.lib comdlg32.lib advapi32.lib shell32.lib ole32.lib oleaut32.lib uuid.lib odbc32.lib odbccp32.lib /MANIFEST /ManifestFile:"Release\Trinity.exe.intermediate.manifest" /MANIFESTUAC:"level='asInvoker' uiAccess='false'" /DEBUG /PDB:"C:\Users\BerryRobot\Documents\Visual Studio 2010\Projects\Trinity\Release\Trinity.pdb" /SUBSYSTEM:CONSOLE /OPT:REF /OPT:ICF /LTCG /TLBID:1 /DYNAMICBASE /NXCOMPAT /IMPLIB:"C:\Users\BerryRobot\Documents\Visual Studio 2010\Projects\Trinity\Release\Trinity.lib" /MACHINE:X86 Release\button.obj
         Release\camera.obj
         Release\fileloader.obj
         Release\geometry.obj
         Release\main.obj
         Release\mainwindow.obj
         Release\mesh.obj
         Release\model.obj
         Release\overlay2d.obj
         Release\planet.obj
         Release\simulator.obj
         Release\text2d.obj
         Release\tool.obj
         Release\trailer.obj
         正在生成代码
         已完成代码的生成
         Trinity.vcxproj -> C:\Users\BerryRobot\Documents\Visual Studio 2010\Projects\Trinity\Release\Trinity.exe
       Manifest:
         C:\Program Files (x86)\Microsoft SDKs\Windows\v7.0A\bin\mt.exe /nologo /verbose /outputresource:"C:\Users\BerryRobot\Documents\Visual Studio 2010\Projects\Trinity\Release\Trinity.exe;#1" /manifest Release\Trinity.exe.intermediate.manifest
       FinalizeBuildStatus:
         Deleting file "Release\Trinity.unsuccessfulbuild".
         Touching "Release\Trinity.lastbuildstate".
     1>Done Building Project "C:\Users\BerryRobot\Documents\Visual Studio 2010\Projects\Trinity\Trinity\Trinity.vcxproj" (build target(s)).

生成成功。

Time Elapsed 00:00:01.78
