C:\Users\BerryRobot\Documents\Visual Studio 2010\Projects\Trinity\Release\Trinity.exe
C:\Users\BerryRobot\Documents\Visual Studio 2010\Projects\Trinity\Release\Trinity.pdb
C:\Users\BerryRobot\Documents\Visual Studio 2010\Projects\Trinity\Trinity\Release\button.obj
C:\Users\BerryRobot\Documents\Visual Studio 2010\Projects\Trinity\Trinity\Release\camera.obj
C:\Users\BerryRobot\Documents\Visual Studio 2010\Projects\Trinity\Trinity\Release\cl.command.1.tlog
C:\Users\BerryRobot\Documents\Visual Studio 2010\Projects\Trinity\Trinity\Release\CL.read.1.tlog
C:\Users\BerryRobot\Documents\Visual Studio 2010\Projects\Trinity\Trinity\Release\CL.write.1.tlog
C:\Users\BerryRobot\Documents\Visual Studio 2010\Projects\Trinity\Trinity\Release\fileloader.obj
C:\Users\BerryRobot\Documents\Visual Studio 2010\Projects\Trinity\Trinity\Release\geometry.obj
C:\Users\BerryRobot\Documents\Visual Studio 2010\Projects\Trinity\Trinity\Release\link.command.1.tlog
C:\Users\BerryRobot\Documents\Visual Studio 2010\Projects\Trinity\Trinity\Release\link.read.1.tlog
C:\Users\BerryRobot\Documents\Visual Studio 2010\Projects\Trinity\Trinity\Release\link.write.1.tlog
C:\Users\BerryRobot\Documents\Visual Studio 2010\Projects\Trinity\Trinity\Release\main.obj
C:\Users\BerryRobot\Documents\Visual Studio 2010\Projects\Trinity\Trinity\Release\mainwindow.obj
C:\Users\BerryRobot\Documents\Visual Studio 2010\Projects\Trinity\Trinity\Release\mesh.obj
C:\Users\BerryRobot\Documents\Visual Studio 2010\Projects\Trinity\Trinity\Release\model.obj
C:\Users\BerryRobot\Documents\Visual Studio 2010\Projects\Trinity\Trinity\Release\mt.command.1.tlog
C:\Users\BerryRobot\Documents\Visual Studio 2010\Projects\Trinity\Trinity\Release\mt.read.1.tlog
C:\Users\BerryRobot\Documents\Visual Studio 2010\Projects\Trinity\Trinity\Release\mt.write.1.tlog
C:\Users\BerryRobot\Documents\Visual Studio 2010\Projects\Trinity\Trinity\Release\overlay2d.obj
C:\Users\BerryRobot\Documents\Visual Studio 2010\Projects\Trinity\Trinity\Release\planet.obj
C:\Users\BerryRobot\Documents\Visual Studio 2010\Projects\Trinity\Trinity\Release\simulator.obj
C:\Users\BerryRobot\Documents\Visual Studio 2010\Projects\Trinity\Trinity\Release\text2d.obj
C:\Users\BerryRobot\Documents\Visual Studio 2010\Projects\Trinity\Trinity\Release\tool.obj
C:\Users\BerryRobot\Documents\Visual Studio 2010\Projects\Trinity\Trinity\Release\trailer.obj
C:\Users\BerryRobot\Documents\Visual Studio 2010\Projects\Trinity\Trinity\Release\Trinity.exe.intermediate.manifest
C:\Users\BerryRobot\Documents\Visual Studio 2010\Projects\Trinity\Trinity\Release\Trinity.vcxprojResolveAssemblyReference.cache
C:\Users\BerryRobot\Documents\Visual Studio 2010\Projects\Trinity\Trinity\Release\Trinity.write.1.tlog
C:\Users\BerryRobot\Documents\Visual Studio 2010\Projects\Trinity\Trinity\Release\vc100.pdb
C:\USERS\ROBOTBERRY\DOCUMENTS\VISUAL STUDIO 2010\PROJECTS\TRINITY\RELEASE\TRINITY.EXE
C:\USERS\ROBOTBERRY\DOCUMENTS\VISUAL STUDIO 2010\PROJECTS\TRINITY\RELEASE\TRINITY.PDB
C:\USERS\ROBOTBERRY\DOCUMENTS\VISUAL STUDIO 2010\PROJECTS\TRINITY\TRINITY\RELEASE\BUTTON.OBJ
C:\USERS\ROBOTBERRY\DOCUMENTS\VISUAL STUDIO 2010\PROJECTS\TRINITY\TRINITY\RELEASE\CAMERA.OBJ
C:\USERS\ROBOTBERRY\DOCUMENTS\VISUAL STUDIO 2010\PROJECTS\TRINITY\TRINITY\RELEASE\FILELOADER.OBJ
C:\USERS\ROBOTBERRY\DOCUMENTS\VISUAL STUDIO 2010\PROJECTS\TRINITY\TRINITY\RELEASE\GEOMETRY.OBJ
C:\USERS\ROBOTBERRY\DOCUMENTS\VISUAL STUDIO 2010\PROJECTS\TRINITY\TRINITY\RELEASE\MAIN.OBJ
C:\USERS\ROBOTBERRY\DOCUMENTS\VISUAL STUDIO 2010\PROJECTS\TRINITY\TRINITY\RELEASE\MAINWINDOW.OBJ
C:\USERS\ROBOTBERRY\DOCUMENTS\VISUAL STUDIO 2010\PROJECTS\TRINITY\TRINITY\RELEASE\MESH.OBJ
C:\USERS\ROBOTBERRY\DOCUMENTS\VISUAL STUDIO 2010\PROJECTS\TRINITY\TRINITY\RELEASE\MODEL.OBJ
C:\USERS\ROBOTBERRY\DOCUMENTS\VISUAL STUDIO 2010\PROJECTS\TRINITY\TRINITY\RELEASE\OVERLAY2D.OBJ
C:\USERS\ROBOTBERRY\DOCUMENTS\VISUAL STUDIO 2010\PROJECTS\TRINITY\TRINITY\RELEASE\PLANET.OBJ
C:\USERS\ROBOTBERRY\DOCUMENTS\VISUAL STUDIO 2010\PROJECTS\TRINITY\TRINITY\RELEASE\SIMULATOR.OBJ
C:\USERS\ROBOTBERRY\DOCUMENTS\VISUAL STUDIO 2010\PROJECTS\TRINITY\TRINITY\RELEASE\TEXT2D.OBJ
C:\USERS\ROBOTBERRY\DOCUMENTS\VISUAL STUDIO 2010\PROJECTS\TRINITY\TRINITY\RELEASE\TOOL.OBJ
C:\USERS\ROBOTBERRY\DOCUMENTS\VISUAL STUDIO 2010\PROJECTS\TRINITY\TRINITY\RELEASE\TRAILER.OBJ
C:\USERS\ROBOTBERRY\DOCUMENTS\VISUAL STUDIO 2010\PROJECTS\TRINITY\TRINITY\RELEASE\TRINITY.EXE.INTERMEDIATE.MANIFEST
C:\USERS\ROBOTBERRY\DOCUMENTS\VISUAL STUDIO 2010\PROJECTS\TRINITY\TRINITY\RELEASE\VC100.PDB
